2021/03/22 17:25:55 [INFO] Terraform version: 0.14.5  
2021/03/22 17:25:55 [INFO] Go runtime version: go1.15.6
2021/03/22 17:25:55 [INFO] CLI args: []string{"C:\\Program Files\\Terraform\\terraform.exe", "import", "azurerm_api_management.main", "/subscriptions/4136b2b3-4fe1-4e40-98d3-xxxxxxxxxxxx/resourceGroups/rg-we-ccs-dev/providers/Microsoft.ApiManagement/service/apim-xxxxxxxxx"}
2021/03/22 17:25:55 [DEBUG] Attempting to open CLI config file: C:\Users\schille\AppData\Roaming\terraform.rc
2021/03/22 17:25:55 [DEBUG] File doesn't exist, but doesn't need to. Ignoring.
2021/03/22 17:25:55 [DEBUG] ignoring non-existing provider search directory terraform.d/plugins
2021/03/22 17:25:55 [DEBUG] ignoring non-existing provider search directory C:\Users\schille\AppData\Roaming\terraform.d\plugins
2021/03/22 17:25:55 [DEBUG] ignoring non-existing provider search directory C:\Users\schille\AppData\Roaming\HashiCorp\Terraform\plugins
2021/03/22 17:25:55 [INFO] CLI command args: []string{"import", "azurerm_api_management.main", "/subscriptions/4136b2b3-4fe1-4e40-98d3-xxxxxxxxxxxx/resourceGroups/rg-we-ccs-dev/providers/Microsoft.ApiManagement/service/apim-xxxxxxxxx"}
2021/03/22 17:25:55 [TRACE] Meta.Backend: built configuration for "azurerm" backend with hash value 626995212
2021/03/22 17:25:55 [TRACE] Preserving existing state lineage "46fda277-ced0-d929-8269-xxxxxxxxxxxx"
2021/03/22 17:25:55 [TRACE] Preserving existing state lineage "46fda277-ced0-d929-8269-xxxxxxxxxxxx"
2021/03/22 17:25:55 [TRACE] Meta.Backend: working directory was previously initialized for "azurerm" backend
2021/03/22 17:25:55 [TRACE] Meta.Backend: using already-initialized, unchanged "azurerm" backend configuration
2021/03/22 17:25:55 [TRACE] Meta.Backend: instantiated backend of type *azure.Backend
2021/03/22 17:25:55 [TRACE] providercache.fillMetaCache: scanning directory .terraform\providers
2021/03/22 17:25:55 [TRACE] getproviders.SearchLocalDirectory: .terraform\providers is a symlink to .terraform\providers
2021/03/22 17:25:55 [TRACE] getproviders.SearchLocalDirectory: found registry.terraform.io/hashicorp/azurerm v2.47.0 for windows_amd64 at .terraform\providers\registry.terraform.io\hashicorp\azurerm\2.47.0\windows_amd64
2021/03/22 17:25:55 [TRACE] providercache.fillMetaCache: including .terraform\providers\registry.terraform.io\hashicorp\azurerm\2.47.0\windows_amd64 as a candidate package for registry.terraform.io/hashicorp/azurerm 2.47.0
2021/03/22 17:25:56 [DEBUG] checking for provisioner in "."
2021/03/22 17:25:56 [DEBUG] checking for provisioner in "C:\\Program Files\\Terraform"
2021/03/22 17:25:56 [INFO] Failed to read plugin lock file .terraform\plugins\windows_amd64\lock.json: open .terraform\plugins\windows_amd64\lock.json: The system cannot find the path specified.
2021/03/22 17:25:56 [TRACE] Meta.Backend: backend *azure.Backend does not support operations, so wrapping it in a local backend
2021/03/22 17:25:56 [TRACE] backend/local: requesting state manager for workspace "default"
2021/03/22 17:25:56 [TRACE] backend/local: requesting state lock for workspace "default"
2021/03/22 17:25:58 [ERR] Checkpoint error: Get "https://checkpoint-api.hashicorp.com/v1/check/terraform?arch=amd64&os=windows&signature=d9704dc0-2485-9fc4-7370-f7e64b7af785&version=0.14.5": context deadline exceeded (Client.Timeout exceeded while awaiting headers)
panic: runtime error: invalid memory address or nil pointer dereference
[signal 0xc0000005 code=0x0 addr=0x10 pc=0x1910891]

goroutine 14 [running]:
github.com/hashicorp/terraform/backend/remote-state/azure.(*RemoteClient).Lock(0xc00020a1e0, 0xc0006ae200, 0xc00020a1e0, 0x28664081080, 0xc00020a1e0, 0x1)
	/home/circleci/project/project/backend/remote-state/azure/client.go:154 +0x291
github.com/hashicorp/terraform/states/remote.(*State).Lock(0xc0009533e0, 0xc0006ae200, 0x0, 0x0, 0x0, 0x0)
	/home/circleci/project/project/states/remote/state.go:208 +0xc4
github.com/hashicorp/terraform/states/statemgr.LockWithContext(0x3243100, 0xc000953440, 0x28664081058, 0xc0009533e0, 0xc0006ae200, 0x0, 0x0, 0x0, 0x0)
	/home/circleci/project/project/states/statemgr/locker.go:76 +0x88
github.com/hashicorp/terraform/command/clistate.(*locker).Lock.func1(0x0, 0x0)
	/home/circleci/project/project/command/clistate/state.go:116 +0x65
github.com/hashicorp/terraform/helper/slowmessage.Do.func1(0xc0009534a0, 0xc000907200)
	/home/circleci/project/project/helper/slowmessage/slowmessage.go:20 +0x2e
created by github.com/hashicorp/terraform/helper/slowmessage.Do
	/home/circleci/project/project/helper/slowmessage/slowmessage.go:19 +0x7e
